<?xml version="1.0" encoding="UTF-8"?>
<!-- Generated by org.testng.reporters.JUnitXMLReporter -->
<testsuite hostname="DESKTOP-506AGEU" ignored="0" name="Test Basics 1" tests="22" failures="0" timestamp="29 Oct 2020 11:10:25 GMT" time="1265.15" errors="0">
  <testcase name="testThree" time="86.473" classname="com_hackethon_test.HealthInsuranceTest"/>
  <testcase name="testTwo" time="108.708" classname="com_hackethon_test.CarInsuranceTest"/>
  <testcase name="testOne" time="122.892" classname="com_hackethon_test.InsuranceTest"/>
  <testcase name="testTwo" time="96.703" classname="com_hackethon_test.CarInsuranceTest"/>
  <testcase name="testOne" time="150.71" classname="com_hackethon_test.InsuranceTest"/>
  <testcase name="testTwo" time="91.284" classname="com_hackethon_test.CarInsuranceTest"/>
  <testcase name="testTwo" time="84.467" classname="com_hackethon_test.CarInsuranceTest"/>
  <testcase name="testOne" time="118.705" classname="com_hackethon_test.InsuranceTest"/>
  <testcase name="testTwo" time="106.405" classname="com_hackethon_test.CarInsuranceTest"/>
  <testcase name="testOne" time="125.282" classname="com_hackethon_test.InsuranceTest"/>
  <testcase name="testTwo" time="106.917" classname="com_hackethon_test.CarInsuranceTest"/>
  <testcase name="testOne" time="111.743" classname="com_hackethon_test.InsuranceTest"/>
  <testcase name="testTwo" time="134.863" classname="com_hackethon_test.CarInsuranceTest"/>
  <testcase name="testOne" time="127.172" classname="com_hackethon_test.InsuranceTest"/>
  <testcase name="testTwo" time="111.128" classname="com_hackethon_test.CarInsuranceTest"/>
  <testcase name="testOne" time="129.336" classname="com_hackethon_test.InsuranceTest"/>
  <testcase name="testTwo" time="107.922" classname="com_hackethon_test.CarInsuranceTest"/>
  <testcase name="testOne" time="128.504" classname="com_hackethon_test.InsuranceTest"/>
  <testcase name="testTwo" time="122.539" classname="com_hackethon_test.CarInsuranceTest"/>
  <testcase name="testOne" time="109.7" classname="com_hackethon_test.InsuranceTest"/>
  <testcase name="testOne" time="69.292" classname="com_hackethon_test.InsuranceTest"/>
  <testcase name="testOne" time="65.233" classname="com_hackethon_test.InsuranceTest"/>
</testsuite> <!-- Test Basics 1 -->
