<?xml version="1.0" encoding="UTF-8"?>
<!-- Generated by org.testng.reporters.JUnitXMLReporter -->
<testsuite hostname="DESKTOP-506AGEU" ignored="0" name="Test no. 2" tests="10" failures="0" timestamp="26 Oct 2020 09:05:19 GMT" time="507.012" errors="0">
  <testcase name="testTwo" time="49.928" classname="com_hackethon_test.CarInsuranceTest"/>
  <testcase name="testTwo" time="49.532" classname="com_hackethon_test.CarInsuranceTest"/>
  <testcase name="testTwo" time="49.508" classname="com_hackethon_test.CarInsuranceTest"/>
  <testcase name="testTwo" time="47.144" classname="com_hackethon_test.CarInsuranceTest"/>
  <testcase name="testTwo" time="49.444" classname="com_hackethon_test.CarInsuranceTest"/>
  <testcase name="testTwo" time="52.272" classname="com_hackethon_test.CarInsuranceTest"/>
  <testcase name="testTwo" time="53.915" classname="com_hackethon_test.CarInsuranceTest"/>
  <testcase name="testTwo" time="52.187" classname="com_hackethon_test.CarInsuranceTest"/>
  <testcase name="testTwo" time="50.435" classname="com_hackethon_test.CarInsuranceTest"/>
  <testcase name="testTwo" time="49.751" classname="com_hackethon_test.CarInsuranceTest"/>
</testsuite> <!-- Test no. 2 -->
