<?xml version="1.0" encoding="UTF-8"?>
<!-- Generated by org.testng.reporters.JUnitXMLReporter -->
<testsuite hostname="DESKTOP-506AGEU" ignored="0" name="Test Basics 1" tests="22" failures="0" timestamp="26 Oct 2020 15:15:33 GMT" time="1349.362" errors="0">
  <testcase name="testOne" time="72.184" classname="com_hackethon_test.InsuranceTest"/>
  <testcase name="testOne" time="68.248" classname="com_hackethon_test.InsuranceTest"/>
  <testcase name="testOne" time="62.097" classname="com_hackethon_test.InsuranceTest"/>
  <testcase name="testOne" time="61.094" classname="com_hackethon_test.InsuranceTest"/>
  <testcase name="testOne" time="63.672" classname="com_hackethon_test.InsuranceTest"/>
  <testcase name="testOne" time="65.958" classname="com_hackethon_test.InsuranceTest"/>
  <testcase name="testOne" time="62.158" classname="com_hackethon_test.InsuranceTest"/>
  <testcase name="testOne" time="68.196" classname="com_hackethon_test.InsuranceTest"/>
  <testcase name="testOne" time="66.797" classname="com_hackethon_test.InsuranceTest"/>
  <testcase name="testOne" time="58.908" classname="com_hackethon_test.InsuranceTest"/>
  <testcase name="testOne" time="66.302" classname="com_hackethon_test.InsuranceTest"/>
  <testcase name="testTwo" time="55.503" classname="com_hackethon_test.CarInsuranceTest"/>
  <testcase name="testTwo" time="63.657" classname="com_hackethon_test.CarInsuranceTest"/>
  <testcase name="testTwo" time="58.303" classname="com_hackethon_test.CarInsuranceTest"/>
  <testcase name="testTwo" time="62.621" classname="com_hackethon_test.CarInsuranceTest"/>
  <testcase name="testTwo" time="54.016" classname="com_hackethon_test.CarInsuranceTest"/>
  <testcase name="testTwo" time="62.105" classname="com_hackethon_test.CarInsuranceTest"/>
  <testcase name="testTwo" time="58.869" classname="com_hackethon_test.CarInsuranceTest"/>
  <testcase name="testTwo" time="59.633" classname="com_hackethon_test.CarInsuranceTest"/>
  <testcase name="testTwo" time="64.998" classname="com_hackethon_test.CarInsuranceTest"/>
  <testcase name="testTwo" time="63.778" classname="com_hackethon_test.CarInsuranceTest"/>
  <testcase name="testThree" time="25.513" classname="com_hackethon_test.HealthInsuranceTest"/>
</testsuite> <!-- Test Basics 1 -->
