<?xml version="1.0" encoding="UTF-8"?>
<testng-results skipped="0" failed="0" ignored="0" total="22" passed="22">
  <reporter-output>
  </reporter-output>
  <suite name="Grid Suite" duration-ms="1265150" started-at="2020-10-29T10:49:20Z" finished-at="2020-10-29T11:10:25Z">
    <groups>
    </groups>
    <test name="Test Basics 1" duration-ms="1265150" started-at="2020-10-29T10:49:20Z" finished-at="2020-10-29T11:10:25Z">
      <class name="com_hackethon_test.InsuranceTest">
        <test-method status="PASS" signature="testOne(java.util.Hashtable)[pri:0, instance:com_hackethon_test.InsuranceTest@3aeaafa6]" name="testOne" duration-ms="122892" started-at="2020-10-29T10:49:23Z" data-provider="getTestOneData" finished-at="2020-10-29T10:51:26Z">
          <params>
            <param index="0">
              <value>
                <![CDATA[{Col6=9874563210', Col5=Aditya Sinha, Col4=Mr., Col3=21.0, Col2=22.0, Col1=Germany, Col8=Low to High, Col7=aditya@gmail.com}]]>
              </value>
            </param>
          </params>
          <reporter-output>
          </reporter-output>
        </test-method> <!-- testOne -->
        <test-method status="PASS" signature="testOne(java.util.Hashtable)[pri:0, instance:com_hackethon_test.InsuranceTest@3aeaafa6]" name="testOne" duration-ms="150710" started-at="2020-10-29T10:51:26Z" data-provider="getTestOneData" finished-at="2020-10-29T10:53:56Z">
          <params>
            <param index="0">
              <value>
                <![CDATA[{Col6=7412589630', Col5=Sunit Sinha, Col4=Mr., Col3=24.0, Col2=23.0, Col1=Russia, Col8=Low to High, Col7=sunit@gmail.com}]]>
              </value>
            </param>
          </params>
          <reporter-output>
          </reporter-output>
        </test-method> <!-- testOne -->
        <test-method status="PASS" signature="testOne(java.util.Hashtable)[pri:0, instance:com_hackethon_test.InsuranceTest@3aeaafa6]" name="testOne" duration-ms="118705" started-at="2020-10-29T10:53:56Z" data-provider="getTestOneData" finished-at="2020-10-29T10:55:55Z">
          <params>
            <param index="0">
              <value>
                <![CDATA[{Col6=9632587410', Col5=Ayan Ray, Col4=Mr., Col3=22.0, Col2=26.0, Col1=France, Col8=Low to High, Col7=ayan@gmail.com}]]>
              </value>
            </param>
          </params>
          <reporter-output>
          </reporter-output>
        </test-method> <!-- testOne -->
        <test-method status="PASS" signature="testOne(java.util.Hashtable)[pri:0, instance:com_hackethon_test.InsuranceTest@3aeaafa6]" name="testOne" duration-ms="125282" started-at="2020-10-29T10:55:55Z" data-provider="getTestOneData" finished-at="2020-10-29T10:58:00Z">
          <params>
            <param index="0">
              <value>
                <![CDATA[{Col6=7891234560', Col5=Arvind Singh, Col4=Mr., Col3=20.0, Col2=25.0, Col1=Italy, Col8=Low to High, Col7=arvind@gmail.com}]]>
              </value>
            </param>
          </params>
          <reporter-output>
          </reporter-output>
        </test-method> <!-- testOne -->
        <test-method status="PASS" signature="testOne(java.util.Hashtable)[pri:0, instance:com_hackethon_test.InsuranceTest@3aeaafa6]" name="testOne" duration-ms="111743" started-at="2020-10-29T10:58:00Z" data-provider="getTestOneData" finished-at="2020-10-29T10:59:52Z">
          <params>
            <param index="0">
              <value>
                <![CDATA[{Col6=8523697413', Col5=Shivani Sinha, Col4=Ms., Col3=24.0, Col2=22.0, Col1=Spain, Col8=Low to High, Col7=shivani@gmail.com}]]>
              </value>
            </param>
          </params>
          <reporter-output>
          </reporter-output>
        </test-method> <!-- testOne -->
        <test-method status="PASS" signature="testOne(java.util.Hashtable)[pri:0, instance:com_hackethon_test.InsuranceTest@3aeaafa6]" name="testOne" duration-ms="127172" started-at="2020-10-29T10:59:52Z" data-provider="getTestOneData" finished-at="2020-10-29T11:01:59Z">
          <params>
            <param index="0">
              <value>
                <![CDATA[{Col6=9513572580', Col5=Shagun Verma, Col4=Ms., Col3=25.0, Col2=23.0, Col1=Poland, Col8=Default, Col7=shagun@gmail.com}]]>
              </value>
            </param>
          </params>
          <reporter-output>
          </reporter-output>
        </test-method> <!-- testOne -->
        <test-method status="PASS" signature="testOne(java.util.Hashtable)[pri:0, instance:com_hackethon_test.InsuranceTest@3aeaafa6]" name="testOne" duration-ms="129336" started-at="2020-10-29T11:01:59Z" data-provider="getTestOneData" finished-at="2020-10-29T11:04:09Z">
          <params>
            <param index="0">
              <value>
                <![CDATA[{Col6=7894523610', Col5=Ankita Mishra, Col4=Ms., Col3=23.0, Col2=21.0, Col1=Ukraine, Col8=Default, Col7=ankita@gmail.com}]]>
              </value>
            </param>
          </params>
          <reporter-output>
          </reporter-output>
        </test-method> <!-- testOne -->
        <test-method status="PASS" signature="testOne(java.util.Hashtable)[pri:0, instance:com_hackethon_test.InsuranceTest@3aeaafa6]" name="testOne" duration-ms="128504" started-at="2020-10-29T11:04:09Z" data-provider="getTestOneData" finished-at="2020-10-29T11:06:17Z">
          <params>
            <param index="0">
              <value>
                <![CDATA[{Col6=7458963254', Col5=Rohan, Col4=Mr., Col3=20.0, Col2=25.0, Col1=Romania, Col8=High to Low, Col7=rohan@gmail.com}]]>
              </value>
            </param>
          </params>
          <reporter-output>
          </reporter-output>
        </test-method> <!-- testOne -->
        <test-method status="PASS" signature="testOne(java.util.Hashtable)[pri:0, instance:com_hackethon_test.InsuranceTest@3aeaafa6]" name="testOne" duration-ms="109700" started-at="2020-10-29T11:06:17Z" data-provider="getTestOneData" finished-at="2020-10-29T11:08:07Z">
          <params>
            <param index="0">
              <value>
                <![CDATA[{Col6=9856478523', Col5=Deva, Col4=Mr., Col3=23.0, Col2=24.0, Col1=Denmark, Col8=High to Low, Col7=deva@gmail.com}]]>
              </value>
            </param>
          </params>
          <reporter-output>
          </reporter-output>
        </test-method> <!-- testOne -->
        <test-method status="PASS" signature="testOne(java.util.Hashtable)[pri:0, instance:com_hackethon_test.InsuranceTest@3aeaafa6]" name="testOne" duration-ms="69292" started-at="2020-10-29T11:08:07Z" data-provider="getTestOneData" finished-at="2020-10-29T11:09:16Z">
          <params>
            <param index="0">
              <value>
                <![CDATA[{Col6=7854693217', Col5=Sudarshan, Col4=Mr., Col3=24.0, Col2=22.0, Col1=Finland, Col8=High to Low, Col7=sudharshan@gmail.com}]]>
              </value>
            </param>
          </params>
          <reporter-output>
          </reporter-output>
        </test-method> <!-- testOne -->
        <test-method status="PASS" signature="testOne(java.util.Hashtable)[pri:0, instance:com_hackethon_test.InsuranceTest@3aeaafa6]" name="testOne" duration-ms="65233" started-at="2020-10-29T11:09:16Z" data-provider="getTestOneData" finished-at="2020-10-29T11:10:21Z">
          <params>
            <param index="0">
              <value>
                <![CDATA[{Col6=8569742365', Col5=Arnab Mistry, Col4=Mr., Col3=26.0, Col2=23.0, Col1=Norway, Col8=Default, Col7=arnab@gmail.com}]]>
              </value>
            </param>
          </params>
          <reporter-output>
          </reporter-output>
        </test-method> <!-- testOne -->
      </class> <!-- com_hackethon_test.InsuranceTest -->
      <class name="com_hackethon_test.CarInsuranceTest">
        <test-method status="PASS" signature="testTwo(java.util.Hashtable)[pri:0, instance:com_hackethon_test.CarInsuranceTest@4d3167f4]" name="testTwo" duration-ms="108708" started-at="2020-10-29T10:49:22Z" data-provider="getTestOneData" finished-at="2020-10-29T10:51:11Z">
          <params>
            <param index="0">
              <value>
                <![CDATA[{Col4=794532147', Col3=adi@gmail.com, Col2=Aditya, Col1=DL}]]>
              </value>
            </param>
          </params>
          <reporter-output>
          </reporter-output>
        </test-method> <!-- testTwo -->
        <test-method status="PASS" signature="testTwo(java.util.Hashtable)[pri:0, instance:com_hackethon_test.CarInsuranceTest@4d3167f4]" name="testTwo" duration-ms="96703" started-at="2020-10-29T10:51:11Z" data-provider="getTestOneData" finished-at="2020-10-29T10:52:48Z">
          <params>
            <param index="0">
              <value>
                <![CDATA[{Col4=76', Col3=jail.com, Col2=Jay, Col1=JH}]]>
              </value>
            </param>
          </params>
          <reporter-output>
          </reporter-output>
        </test-method> <!-- testTwo -->
        <test-method status="PASS" signature="testTwo(java.util.Hashtable)[pri:0, instance:com_hackethon_test.CarInsuranceTest@4d3167f4]" name="testTwo" duration-ms="91284" started-at="2020-10-29T10:52:48Z" data-provider="getTestOneData" finished-at="2020-10-29T10:54:19Z">
          <params>
            <param index="0">
              <value>
                <![CDATA[{Col4=8745', Col3=assddf, Col2=Ram, Col1=MH}]]>
              </value>
            </param>
          </params>
          <reporter-output>
          </reporter-output>
        </test-method> <!-- testTwo -->
        <test-method status="PASS" signature="testTwo(java.util.Hashtable)[pri:0, instance:com_hackethon_test.CarInsuranceTest@4d3167f4]" name="testTwo" duration-ms="84467" started-at="2020-10-29T10:54:19Z" data-provider="getTestOneData" finished-at="2020-10-29T10:55:44Z">
          <params>
            <param index="0">
              <value>
                <![CDATA[{Col4=8784512457', Col3=argmail.com, Col2=Aradhana, Col1=GJ}]]>
              </value>
            </param>
          </params>
          <reporter-output>
          </reporter-output>
        </test-method> <!-- testTwo -->
        <test-method status="PASS" signature="testTwo(java.util.Hashtable)[pri:0, instance:com_hackethon_test.CarInsuranceTest@4d3167f4]" name="testTwo" duration-ms="106405" started-at="2020-10-29T10:55:44Z" data-provider="getTestOneData" finished-at="2020-10-29T10:57:30Z">
          <params>
            <param index="0">
              <value>
                <![CDATA[{Col4=474', Col3=qwe@gmail.com, Col2=Mayank, Col1=AP}]]>
              </value>
            </param>
          </params>
          <reporter-output>
          </reporter-output>
        </test-method> <!-- testTwo -->
        <test-method status="PASS" signature="testTwo(java.util.Hashtable)[pri:0, instance:com_hackethon_test.CarInsuranceTest@4d3167f4]" name="testTwo" duration-ms="106917" started-at="2020-10-29T10:57:30Z" data-provider="getTestOneData" finished-at="2020-10-29T10:59:17Z">
          <params>
            <param index="0">
              <value>
                <![CDATA[{Col4=7689741257', Col3=dmail.com, Col2=Arvind, Col1=TN}]]>
              </value>
            </param>
          </params>
          <reporter-output>
          </reporter-output>
        </test-method> <!-- testTwo -->
        <test-method status="PASS" signature="testTwo(java.util.Hashtable)[pri:0, instance:com_hackethon_test.CarInsuranceTest@4d3167f4]" name="testTwo" duration-ms="134863" started-at="2020-10-29T10:59:17Z" data-provider="getTestOneData" finished-at="2020-10-29T11:01:32Z">
          <params>
            <param index="0">
              <value>
                <![CDATA[{Col4=457896874', Col3=wwe@gmail.com, Col2=Sita, Col1=RJ}]]>
              </value>
            </param>
          </params>
          <reporter-output>
          </reporter-output>
        </test-method> <!-- testTwo -->
        <test-method status="PASS" signature="testTwo(java.util.Hashtable)[pri:0, instance:com_hackethon_test.CarInsuranceTest@4d3167f4]" name="testTwo" duration-ms="111128" started-at="2020-10-29T11:01:32Z" data-provider="getTestOneData" finished-at="2020-10-29T11:03:23Z">
          <params>
            <param index="0">
              <value>
                <![CDATA[{Col4=8986', Col3=ravi@gmail.com, Col2=Ravi, Col1=BR}]]>
              </value>
            </param>
          </params>
          <reporter-output>
          </reporter-output>
        </test-method> <!-- testTwo -->
        <test-method status="PASS" signature="testTwo(java.util.Hashtable)[pri:0, instance:com_hackethon_test.CarInsuranceTest@4d3167f4]" name="testTwo" duration-ms="107922" started-at="2020-10-29T11:03:23Z" data-provider="getTestOneData" finished-at="2020-10-29T11:05:11Z">
          <params>
            <param index="0">
              <value>
                <![CDATA[{Col4=8972145', Col3=iragmail.com, Col2=Kamal, Col1=AN}]]>
              </value>
            </param>
          </params>
          <reporter-output>
          </reporter-output>
        </test-method> <!-- testTwo -->
        <test-method status="PASS" signature="testTwo(java.util.Hashtable)[pri:0, instance:com_hackethon_test.CarInsuranceTest@4d3167f4]" name="testTwo" duration-ms="122539" started-at="2020-10-29T11:05:11Z" data-provider="getTestOneData" finished-at="2020-10-29T11:07:13Z">
          <params>
            <param index="0">
              <value>
                <![CDATA[{Col4=741289630', Col3=ara@gmail.com, Col2=Keval, Col1=AP}]]>
              </value>
            </param>
          </params>
          <reporter-output>
          </reporter-output>
        </test-method> <!-- testTwo -->
        <test-method status="PASS" signature="endReport()[pri:0, instance:com_hackethon_test.CarInsuranceTest@4d3167f4]" name="endReport" is-config="true" duration-ms="2250" started-at="2020-10-29T11:10:21Z" finished-at="2020-10-29T11:10:23Z">
          <reporter-output>
          </reporter-output>
        </test-method> <!-- endReport -->
        <test-method status="PASS" signature="endReport()[pri:0, instance:com_hackethon_test.HealthInsuranceTest@76a3e297]" name="endReport" is-config="true" duration-ms="746" started-at="2020-10-29T11:10:23Z" finished-at="2020-10-29T11:10:24Z">
          <reporter-output>
          </reporter-output>
        </test-method> <!-- endReport -->
        <test-method status="PASS" signature="endReport()[pri:0, instance:com_hackethon_test.InsuranceTest@3aeaafa6]" name="endReport" is-config="true" duration-ms="537" started-at="2020-10-29T11:10:24Z" finished-at="2020-10-29T11:10:25Z">
          <reporter-output>
          </reporter-output>
        </test-method> <!-- endReport -->
      </class> <!-- com_hackethon_test.CarInsuranceTest -->
      <class name="com_hackethon_test.HealthInsuranceTest">
        <test-method status="PASS" signature="testThree()[pri:0, instance:com_hackethon_test.HealthInsuranceTest@76a3e297]" name="testThree" duration-ms="86473" started-at="2020-10-29T10:49:20Z" finished-at="2020-10-29T10:50:46Z">
          <reporter-output>
          </reporter-output>
        </test-method> <!-- testThree -->
      </class> <!-- com_hackethon_test.HealthInsuranceTest -->
    </test> <!-- Test Basics 1 -->
  </suite> <!-- Grid Suite -->
</testng-results>
