<?xml version="1.0" encoding="UTF-8"?>
<testsuite xmlns:xsi="http://www.w3.org/2001/XMLSchema-instance" xsi:noNamespaceSchemaLocation="https://maven.apache.org/surefire/maven-surefire-plugin/xsd/surefire-test-report-3.0.xsd" version="3.0" name="TestSuite" time="1,268.23" tests="22" errors="0" skipped="0" failures="0">
  <properties>
[...]
</properties>
  <testcase name="testThree" classname="com_hackethon_test.HealthInsuranceTest" time="83.513">
    <system-out><![CDATA[Health Insurance Plans
Family Health Insurance
Senior Citizen Health Insurance
Coronavirus Health Insurance
Arogya Sanjeevani Policy
Critical Illness Insurance
Mediclaim Policy
Best Health Insurance Plans
Health Insurance Claim
Health Insurance Calculator
2020-10-29
2020-11-08
]]></system-out>
    <system-err><![CDATA[Oct 29, 2020 4:19:20 PM org.openqa.selenium.remote.DesiredCapabilities firefox
INFO: Using `new FirefoxOptions()` is preferred to `DesiredCapabilities.firefox()`
Oct 29, 2020 4:19:23 PM org.openqa.selenium.remote.DesiredCapabilities chrome
INFO: Using `new ChromeOptions()` is preferred to `DesiredCapabilities.chrome()`
Oct 29, 2020 4:19:32 PM org.openqa.selenium.remote.ProtocolHandshake createSession
INFO: Detected dialect: W3C
Oct 29, 2020 4:19:33 PM org.openqa.selenium.remote.ProtocolHandshake createSession
INFO: Detected dialect: OSS
Oct 29, 2020 4:20:00 PM org.openqa.selenium.remote.ProtocolHandshake createSession
INFO: Detected dialect: W3C
]]></system-err>
  </testcase>
  <testcase name="testTwo[{Col4=794532147&apos;, Col3=adi@gmail.com, Col2=Aditya, Col1=DL}](1)" classname="com_hackethon_test.CarInsuranceTest" time="108.488">
    <system-out><![CDATA[No error in mail  
Universal Sompo
Please enter a valid 10-digit mobile number.
1,102
Reliance
1,283
Bajaj Allianz
1,380
]]></system-out>
  </testcase>
  <testcase name="testTwo[{Col4=76&apos;, Col3=jail.com, Col2=Jay, Col1=JH}](2)" classname="com_hackethon_test.CarInsuranceTest" time="82.294">
    <system-out><![CDATA[2020-10-29
2020-11-08
Please enter a valid e-mail ID.
Please enter a valid 10-digit mobile number.
]]></system-out>
    <system-err><![CDATA[Oct 29, 2020 4:21:36 PM org.openqa.selenium.remote.ProtocolHandshake createSession
INFO: Detected dialect: OSS
]]></system-err>
  </testcase>
  <testcase name="testTwo[{Col4=8745&apos;, Col3=assddf, Col2=Ram, Col1=MH}](3)" classname="com_hackethon_test.CarInsuranceTest" time="22.868">
    <system-err><![CDATA[Oct 29, 2020 4:24:07 PM org.openqa.selenium.remote.ProtocolHandshake createSession
INFO: Detected dialect: OSS
]]></system-err>
  </testcase>
  <testcase name="testTwo[{Col4=8784512457&apos;, Col3=argmail.com, Col2=Aradhana, Col1=GJ}](4)" classname="com_hackethon_test.CarInsuranceTest" time="84.473">
    <system-out><![CDATA[2020-10-29
2020-11-08
Please enter a valid e-mail ID.
No error in phone 
Universal Sompo
1,102
Reliance
1,283
Bajaj Allianz
1,380
]]></system-out>
    <system-err><![CDATA[Oct 29, 2020 4:24:19 PM org.openqa.selenium.remote.DesiredCapabilities chrome
INFO: Using `new ChromeOptions()` is preferred to `DesiredCapabilities.chrome()`
Oct 29, 2020 4:24:27 PM org.openqa.selenium.remote.ProtocolHandshake createSession
INFO: Detected dialect: W3C
]]></system-err>
  </testcase>
  <testcase name="testTwo[{Col4=474&apos;, Col3=qwe@gmail.com, Col2=Mayank, Col1=AP}](5)" classname="com_hackethon_test.CarInsuranceTest" time="95.037">
    <system-out><![CDATA[2020-10-29
2020-11-08
No error in mail  
Please enter a valid 10-digit mobile number.
Universal Sompo
1,102
Reliance
1,283
Bajaj Allianz
1,380
]]></system-out>
    <system-err><![CDATA[Oct 29, 2020 4:26:06 PM org.openqa.selenium.remote.ProtocolHandshake createSession
INFO: Detected dialect: OSS
]]></system-err>
  </testcase>
  <testcase name="testTwo[{Col4=7689741257&apos;, Col3=dmail.com, Col2=Arvind, Col1=TN}](6)" classname="com_hackethon_test.CarInsuranceTest" time="76.676">
    <system-out><![CDATA[2020-10-29
2020-11-08
Please enter a valid e-mail ID.
No error in phone 
Universal Sompo
]]></system-out>
    <system-err><![CDATA[Oct 29, 2020 4:28:11 PM org.openqa.selenium.remote.ProtocolHandshake createSession
INFO: Detected dialect: OSS
]]></system-err>
  </testcase>
  <testcase name="testTwo[{Col4=457896874&apos;, Col3=wwe@gmail.com, Col2=Sita, Col1=RJ}](7)" classname="com_hackethon_test.CarInsuranceTest" time="99.792">
    <system-out><![CDATA[2020-10-29
2020-11-08
No error in mail  
Please enter a valid 10-digit mobile number.
]]></system-out>
    <system-err><![CDATA[Oct 29, 2020 4:30:08 PM org.openqa.selenium.remote.ProtocolHandshake createSession
INFO: Detected dialect: OSS
]]></system-err>
  </testcase>
  <testcase name="testTwo[{Col4=8986&apos;, Col3=ravi@gmail.com, Col2=Ravi, Col1=BR}](8)" classname="com_hackethon_test.CarInsuranceTest" time="83.75">
    <system-out><![CDATA[2020-10-29
2020-11-08
No error in mail  
Please enter a valid 10-digit mobile number.
Religare
1,827
Reliance
1,283
]]></system-out>
    <system-err><![CDATA[Oct 29, 2020 4:32:09 PM org.openqa.selenium.remote.ProtocolHandshake createSession
INFO: Detected dialect: OSS
]]></system-err>
  </testcase>
  <testcase name="testTwo[{Col4=8972145&apos;, Col3=iragmail.com, Col2=Kamal, Col1=AN}](9)" classname="com_hackethon_test.CarInsuranceTest" time="62.33">
    <system-out><![CDATA[Please enter a valid e-mail ID.
Please enter a valid 10-digit mobile number.
2020-10-29
2020-11-08
]]></system-out>
    <system-err><![CDATA[Oct 29, 2020 4:34:21 PM org.openqa.selenium.remote.ProtocolHandshake createSession
INFO: Detected dialect: OSS
]]></system-err>
  </testcase>
  <testcase name="testTwo[{Col4=741289630&apos;, Col3=ara@gmail.com, Col2=Keval, Col1=AP}](10)" classname="com_hackethon_test.CarInsuranceTest" time="56.369">
    <system-out><![CDATA[No error in mail  
Please enter a valid 10-digit mobile number.
2020-10-29
2020-11-08
]]></system-out>
    <system-err><![CDATA[Oct 29, 2020 4:36:26 PM org.openqa.selenium.remote.ProtocolHandshake createSession
INFO: Detected dialect: OSS
]]></system-err>
  </testcase>
  <testcase name="testOne[{Col6=9874563210&apos;, Col5=Aditya Sinha, Col4=Mr., Col3=21.0, Col2=22.0, Col1=Germany, Col8=Low to High, Col7=aditya@gmail.com}](1)" classname="com_hackethon_test.InsuranceTest" time="14.41">
    <system-err><![CDATA[Oct 29, 2020 4:21:11 PM org.openqa.selenium.remote.DesiredCapabilities chrome
INFO: Using `new ChromeOptions()` is preferred to `DesiredCapabilities.chrome()`
Oct 29, 2020 4:21:16 PM org.openqa.selenium.remote.ProtocolHandshake createSession
INFO: Detected dialect: W3C
]]></system-err>
  </testcase>
  <testcase name="testOne[{Col6=7412589630&apos;, Col5=Sunit Sinha, Col4=Mr., Col3=24.0, Col2=23.0, Col1=Russia, Col8=Low to High, Col7=sunit@gmail.com}](2)" classname="com_hackethon_test.InsuranceTest" time="68.416">
    <system-out><![CDATA[Universal Sompo
1,102
Reliance
1,283
Bajaj Allianz
1,380
Please enter a valid e-mail ID.
Please enter a valid 10-digit mobile number.
]]></system-out>
    <system-err><![CDATA[Oct 29, 2020 4:22:48 PM org.openqa.selenium.remote.DesiredCapabilities chrome
INFO: Using `new ChromeOptions()` is preferred to `DesiredCapabilities.chrome()`
Oct 29, 2020 4:22:55 PM org.openqa.selenium.remote.ProtocolHandshake createSession
INFO: Detected dialect: W3C
]]></system-err>
  </testcase>
  <testcase name="testOne[{Col6=9632587410&apos;, Col5=Ayan Ray, Col4=Mr., Col3=22.0, Col2=26.0, Col1=France, Col8=Low to High, Col7=ayan@gmail.com}](3)" classname="com_hackethon_test.InsuranceTest" time="11.363">
    <system-err><![CDATA[Oct 29, 2020 4:25:44 PM org.openqa.selenium.remote.DesiredCapabilities chrome
INFO: Using `new ChromeOptions()` is preferred to `DesiredCapabilities.chrome()`
Oct 29, 2020 4:25:51 PM org.openqa.selenium.remote.ProtocolHandshake createSession
INFO: Detected dialect: W3C
]]></system-err>
  </testcase>
  <testcase name="testOne[{Col6=7891234560&apos;, Col5=Arvind Singh, Col4=Mr., Col3=20.0, Col2=25.0, Col1=Italy, Col8=Low to High, Col7=arvind@gmail.com}](4)" classname="com_hackethon_test.InsuranceTest" time="30.244">
    <system-err><![CDATA[Oct 29, 2020 4:27:30 PM org.openqa.selenium.remote.DesiredCapabilities chrome
INFO: Using `new ChromeOptions()` is preferred to `DesiredCapabilities.chrome()`
Oct 29, 2020 4:27:39 PM org.openqa.selenium.remote.ProtocolHandshake createSession
INFO: Detected dialect: W3C
]]></system-err>
  </testcase>
  <testcase name="testOne[{Col6=8523697413&apos;, Col5=Shivani Sinha, Col4=Ms., Col3=24.0, Col2=22.0, Col1=Spain, Col8=Low to High, Col7=shivani@gmail.com}](5)" classname="com_hackethon_test.InsuranceTest" time="35.069">
    <system-out><![CDATA[1,102
Reliance
1,283
Bajaj Allianz
1,380
]]></system-out>
    <system-err><![CDATA[Oct 29, 2020 4:29:17 PM org.openqa.selenium.remote.DesiredCapabilities chrome
INFO: Using `new ChromeOptions()` is preferred to `DesiredCapabilities.chrome()`
Oct 29, 2020 4:29:27 PM org.openqa.selenium.remote.ProtocolHandshake createSession
INFO: Detected dialect: W3C
]]></system-err>
  </testcase>
  <testcase name="testOne[{Col6=9513572580&apos;, Col5=Shagun Verma, Col4=Ms., Col3=25.0, Col2=23.0, Col1=Poland, Col8=Default, Col7=shagun@gmail.com}](6)" classname="com_hackethon_test.InsuranceTest" time="27.381">
    <system-out><![CDATA[Religare
1,827
Reliance
1,283
Bajaj Allianz
1,380
]]></system-out>
    <system-err><![CDATA[Oct 29, 2020 4:31:32 PM org.openqa.selenium.remote.DesiredCapabilities chrome
INFO: Using `new ChromeOptions()` is preferred to `DesiredCapabilities.chrome()`
Oct 29, 2020 4:31:40 PM org.openqa.selenium.remote.ProtocolHandshake createSession
INFO: Detected dialect: W3C
]]></system-err>
  </testcase>
  <testcase name="testOne[{Col6=7894523610&apos;, Col5=Ankita Mishra, Col4=Ms., Col3=23.0, Col2=21.0, Col1=Ukraine, Col8=Default, Col7=ankita@gmail.com}](7)" classname="com_hackethon_test.InsuranceTest" time="45.591">
    <system-out><![CDATA[Bajaj Allianz
1,380
]]></system-out>
    <system-err><![CDATA[Oct 29, 2020 4:33:23 PM org.openqa.selenium.remote.DesiredCapabilities chrome
INFO: Using `new ChromeOptions()` is preferred to `DesiredCapabilities.chrome()`
Oct 29, 2020 4:33:29 PM org.openqa.selenium.remote.ProtocolHandshake createSession
INFO: Detected dialect: W3C
]]></system-err>
  </testcase>
  <testcase name="testOne[{Col6=7458963254&apos;, Col5=Rohan, Col4=Mr., Col3=20.0, Col2=25.0, Col1=Romania, Col8=High to Low, Col7=rohan@gmail.com}](8)" classname="com_hackethon_test.InsuranceTest" time="66.17">
    <system-out><![CDATA[Tata AIG
2,342
Royal Sundaram
2,302
Religare
1,827
]]></system-out>
    <system-err><![CDATA[Oct 29, 2020 4:35:11 PM org.openqa.selenium.remote.DesiredCapabilities chrome
INFO: Using `new ChromeOptions()` is preferred to `DesiredCapabilities.chrome()`
Oct 29, 2020 4:35:18 PM org.openqa.selenium.remote.ProtocolHandshake createSession
INFO: Detected dialect: W3C
]]></system-err>
  </testcase>
  <testcase name="testOne[{Col6=9856478523&apos;, Col5=Deva, Col4=Mr., Col3=23.0, Col2=24.0, Col1=Denmark, Col8=High to Low, Col7=deva@gmail.com}](9)" classname="com_hackethon_test.InsuranceTest" time="109.701">
    <system-out><![CDATA[Tata AIG
2,342
Royal Sundaram
2,302
HDFC
1,956
]]></system-out>
  </testcase>
  <testcase name="testOne[{Col6=7854693217&apos;, Col5=Sudarshan, Col4=Mr., Col3=24.0, Col2=22.0, Col1=Finland, Col8=High to Low, Col7=sudharshan@gmail.com}](10)" classname="com_hackethon_test.InsuranceTest" time="69.295">
    <system-out><![CDATA[2020-10-29
2020-11-08
Tata AIG
2,342
Royal Sundaram
2,302
HDFC
1,956
]]></system-out>
    <system-err><![CDATA[Oct 29, 2020 4:38:13 PM org.openqa.selenium.remote.ProtocolHandshake createSession
INFO: Detected dialect: OSS
]]></system-err>
  </testcase>
  <testcase name="testOne[{Col6=8569742365&apos;, Col5=Arnab Mistry, Col4=Mr., Col3=26.0, Col2=23.0, Col1=Norway, Col8=Default, Col7=arnab@gmail.com}](11)" classname="com_hackethon_test.InsuranceTest" time="65.231">
    <system-out><![CDATA[2020-10-29
2020-11-08
Religare
1,827
Reliance
1,283
Bajaj Allianz
1,380
]]></system-out>
    <system-err><![CDATA[Oct 29, 2020 4:39:24 PM org.openqa.selenium.remote.ProtocolHandshake createSession
INFO: Detected dialect: OSS
]]></system-err>
  </testcase>
</testsuite>