<?xml version="1.0" encoding="UTF-8"?>
<!-- Generated by org.testng.reporters.JUnitXMLReporter -->
<testsuite hostname="DESKTOP-506AGEU" ignored="0" name="Default test" tests="10" failures="0" timestamp="26 Oct 2020 14:34:25 GMT" time="454.981" errors="0">
  <testcase name="testTwo" time="47.967" classname="com_hackethon_test.CarInsuranceTest"/>
  <testcase name="testTwo" time="46.228" classname="com_hackethon_test.CarInsuranceTest"/>
  <testcase name="testTwo" time="44.513" classname="com_hackethon_test.CarInsuranceTest"/>
  <testcase name="testTwo" time="45.433" classname="com_hackethon_test.CarInsuranceTest"/>
  <testcase name="testTwo" time="45.041" classname="com_hackethon_test.CarInsuranceTest"/>
  <testcase name="testTwo" time="44.806" classname="com_hackethon_test.CarInsuranceTest"/>
  <testcase name="testTwo" time="44.098" classname="com_hackethon_test.CarInsuranceTest"/>
  <testcase name="testTwo" time="44.403" classname="com_hackethon_test.CarInsuranceTest"/>
  <testcase name="testTwo" time="44.616" classname="com_hackethon_test.CarInsuranceTest"/>
  <testcase name="testTwo" time="45.506" classname="com_hackethon_test.CarInsuranceTest"/>
</testsuite> <!-- Default test -->
