<?xml version="1.0" encoding="UTF-8"?>
<testng-results skipped="0" failed="0" ignored="0" total="22" passed="22">
  <reporter-output>
  </reporter-output>
  <suite name="Grid Suite" duration-ms="1349362" started-at="2020-10-26T14:53:04Z" finished-at="2020-10-26T15:15:33Z">
    <groups>
    </groups>
    <test name="Test Basics 1" duration-ms="1349362" started-at="2020-10-26T14:53:04Z" finished-at="2020-10-26T15:15:33Z">
      <class name="com_hackethon_test.CarInsuranceTest">
        <test-method status="PASS" signature="testTwo(java.util.Hashtable)[pri:2, instance:com_hackethon_test.CarInsuranceTest@481a15ff]" name="testTwo" duration-ms="55503" started-at="2020-10-26T15:05:02Z" data-provider="getTestOneData" finished-at="2020-10-26T15:05:57Z">
          <params>
            <param index="0">
              <value>
                <![CDATA[{Col4=7894532147', Col3=adi@gmail.com, Col2=Aditya, Col1=DL}]]>
              </value>
            </param>
          </params>
          <reporter-output>
          </reporter-output>
        </test-method> <!-- testTwo -->
        <test-method status="PASS" signature="testTwo(java.util.Hashtable)[pri:2, instance:com_hackethon_test.CarInsuranceTest@481a15ff]" name="testTwo" duration-ms="63657" started-at="2020-10-26T15:05:57Z" data-provider="getTestOneData" finished-at="2020-10-26T15:07:01Z">
          <params>
            <param index="0">
              <value>
                <![CDATA[{Col4=76', Col3=jail.com, Col2=Jay, Col1=JH}]]>
              </value>
            </param>
          </params>
          <reporter-output>
          </reporter-output>
        </test-method> <!-- testTwo -->
        <test-method status="PASS" signature="testTwo(java.util.Hashtable)[pri:2, instance:com_hackethon_test.CarInsuranceTest@481a15ff]" name="testTwo" duration-ms="58303" started-at="2020-10-26T15:07:01Z" data-provider="getTestOneData" finished-at="2020-10-26T15:07:59Z">
          <params>
            <param index="0">
              <value>
                <![CDATA[{Col4=8745', Col3=assddf, Col2=Ram, Col1=MH}]]>
              </value>
            </param>
          </params>
          <reporter-output>
          </reporter-output>
        </test-method> <!-- testTwo -->
        <test-method status="PASS" signature="testTwo(java.util.Hashtable)[pri:2, instance:com_hackethon_test.CarInsuranceTest@481a15ff]" name="testTwo" duration-ms="62621" started-at="2020-10-26T15:07:59Z" data-provider="getTestOneData" finished-at="2020-10-26T15:09:02Z">
          <params>
            <param index="0">
              <value>
                <![CDATA[{Col4=8784512457', Col3=argmail.com, Col2=Aradhana, Col1=GJ}]]>
              </value>
            </param>
          </params>
          <reporter-output>
          </reporter-output>
        </test-method> <!-- testTwo -->
        <test-method status="PASS" signature="testTwo(java.util.Hashtable)[pri:2, instance:com_hackethon_test.CarInsuranceTest@481a15ff]" name="testTwo" duration-ms="54016" started-at="2020-10-26T15:09:02Z" data-provider="getTestOneData" finished-at="2020-10-26T15:09:56Z">
          <params>
            <param index="0">
              <value>
                <![CDATA[{Col4=474', Col3=qwe@gmail.com, Col2=Mayank, Col1=AP}]]>
              </value>
            </param>
          </params>
          <reporter-output>
          </reporter-output>
        </test-method> <!-- testTwo -->
        <test-method status="PASS" signature="testTwo(java.util.Hashtable)[pri:2, instance:com_hackethon_test.CarInsuranceTest@481a15ff]" name="testTwo" duration-ms="62105" started-at="2020-10-26T15:09:56Z" data-provider="getTestOneData" finished-at="2020-10-26T15:10:58Z">
          <params>
            <param index="0">
              <value>
                <![CDATA[{Col4=7689741257', Col3=dmail.com, Col2=Arvind, Col1=TN}]]>
              </value>
            </param>
          </params>
          <reporter-output>
          </reporter-output>
        </test-method> <!-- testTwo -->
        <test-method status="PASS" signature="testTwo(java.util.Hashtable)[pri:2, instance:com_hackethon_test.CarInsuranceTest@481a15ff]" name="testTwo" duration-ms="58869" started-at="2020-10-26T15:10:58Z" data-provider="getTestOneData" finished-at="2020-10-26T15:11:57Z">
          <params>
            <param index="0">
              <value>
                <![CDATA[{Col4=457896874', Col3=wwe@gmail.com, Col2=Sita, Col1=RJ}]]>
              </value>
            </param>
          </params>
          <reporter-output>
          </reporter-output>
        </test-method> <!-- testTwo -->
        <test-method status="PASS" signature="testTwo(java.util.Hashtable)[pri:2, instance:com_hackethon_test.CarInsuranceTest@481a15ff]" name="testTwo" duration-ms="59633" started-at="2020-10-26T15:11:57Z" data-provider="getTestOneData" finished-at="2020-10-26T15:12:56Z">
          <params>
            <param index="0">
              <value>
                <![CDATA[{Col4=8986', Col3=ravi@gmail.com, Col2=Ravi, Col1=BR}]]>
              </value>
            </param>
          </params>
          <reporter-output>
          </reporter-output>
        </test-method> <!-- testTwo -->
        <test-method status="PASS" signature="testTwo(java.util.Hashtable)[pri:2, instance:com_hackethon_test.CarInsuranceTest@481a15ff]" name="testTwo" duration-ms="64998" started-at="2020-10-26T15:12:56Z" data-provider="getTestOneData" finished-at="2020-10-26T15:14:01Z">
          <params>
            <param index="0">
              <value>
                <![CDATA[{Col4=8974532145', Col3=ira@gmail.com, Col2=Kamal, Col1=AN}]]>
              </value>
            </param>
          </params>
          <reporter-output>
          </reporter-output>
        </test-method> <!-- testTwo -->
        <test-method status="PASS" signature="testTwo(java.util.Hashtable)[pri:2, instance:com_hackethon_test.CarInsuranceTest@481a15ff]" name="testTwo" duration-ms="63778" started-at="2020-10-26T15:14:01Z" data-provider="getTestOneData" finished-at="2020-10-26T15:15:05Z">
          <params>
            <param index="0">
              <value>
                <![CDATA[{Col4=7412589630', Col3=ara@gmail.com, Col2=Keval, Col1=AP}]]>
              </value>
            </param>
          </params>
          <reporter-output>
          </reporter-output>
        </test-method> <!-- testTwo -->
        <test-method status="PASS" signature="endReport()[pri:0, instance:com_hackethon_test.CarInsuranceTest@481a15ff]" name="endReport" is-config="true" duration-ms="1625" started-at="2020-10-26T15:15:31Z" finished-at="2020-10-26T15:15:32Z">
          <reporter-output>
          </reporter-output>
        </test-method> <!-- endReport -->
        <test-method status="PASS" signature="endReport()[pri:0, instance:com_hackethon_test.HealthInsuranceTest@646007f4]" name="endReport" is-config="true" duration-ms="552" started-at="2020-10-26T15:15:32Z" finished-at="2020-10-26T15:15:33Z">
          <reporter-output>
          </reporter-output>
        </test-method> <!-- endReport -->
        <test-method status="PASS" signature="endReport()[pri:0, instance:com_hackethon_test.InsuranceTest@710726a3]" name="endReport" is-config="true" duration-ms="184" started-at="2020-10-26T15:15:33Z" finished-at="2020-10-26T15:15:33Z">
          <reporter-output>
          </reporter-output>
        </test-method> <!-- endReport -->
      </class> <!-- com_hackethon_test.CarInsuranceTest -->
      <class name="com_hackethon_test.InsuranceTest">
        <test-method status="PASS" signature="testOne(java.util.Hashtable)[pri:0, instance:com_hackethon_test.InsuranceTest@710726a3]" name="testOne" duration-ms="72184" started-at="2020-10-26T14:53:06Z" data-provider="getTestOneData" finished-at="2020-10-26T14:54:18Z">
          <params>
            <param index="0">
              <value>
                <![CDATA[{Col6=9874563210', Col5=Aditya Sinha, Col4=Mr., Col3=21.0, Col2=22.0, Col1=Germany, Col8=Low to High, Col7=aditya@gmail.com}]]>
              </value>
            </param>
          </params>
          <reporter-output>
          </reporter-output>
        </test-method> <!-- testOne -->
        <test-method status="PASS" signature="testOne(java.util.Hashtable)[pri:0, instance:com_hackethon_test.InsuranceTest@710726a3]" name="testOne" duration-ms="68248" started-at="2020-10-26T14:54:18Z" data-provider="getTestOneData" finished-at="2020-10-26T14:55:26Z">
          <params>
            <param index="0">
              <value>
                <![CDATA[{Col6=7412589630', Col5=Sunit Sinha, Col4=Mr., Col3=24.0, Col2=23.0, Col1=Russia, Col8=Low to High, Col7=sunit@gmail.com}]]>
              </value>
            </param>
          </params>
          <reporter-output>
          </reporter-output>
        </test-method> <!-- testOne -->
        <test-method status="PASS" signature="testOne(java.util.Hashtable)[pri:0, instance:com_hackethon_test.InsuranceTest@710726a3]" name="testOne" duration-ms="62097" started-at="2020-10-26T14:55:26Z" data-provider="getTestOneData" finished-at="2020-10-26T14:56:28Z">
          <params>
            <param index="0">
              <value>
                <![CDATA[{Col6=9632587410', Col5=Ayan Ray, Col4=Mr., Col3=22.0, Col2=26.0, Col1=France, Col8=Low to High, Col7=ayan@gmail.com}]]>
              </value>
            </param>
          </params>
          <reporter-output>
          </reporter-output>
        </test-method> <!-- testOne -->
        <test-method status="PASS" signature="testOne(java.util.Hashtable)[pri:0, instance:com_hackethon_test.InsuranceTest@710726a3]" name="testOne" duration-ms="61094" started-at="2020-10-26T14:56:28Z" data-provider="getTestOneData" finished-at="2020-10-26T14:57:30Z">
          <params>
            <param index="0">
              <value>
                <![CDATA[{Col6=7891234560', Col5=Arvind Singh, Col4=Mr., Col3=20.0, Col2=25.0, Col1=Italy, Col8=Low to High, Col7=arvind@gmail.com}]]>
              </value>
            </param>
          </params>
          <reporter-output>
          </reporter-output>
        </test-method> <!-- testOne -->
        <test-method status="PASS" signature="testOne(java.util.Hashtable)[pri:0, instance:com_hackethon_test.InsuranceTest@710726a3]" name="testOne" duration-ms="63672" started-at="2020-10-26T14:57:30Z" data-provider="getTestOneData" finished-at="2020-10-26T14:58:33Z">
          <params>
            <param index="0">
              <value>
                <![CDATA[{Col6=8523697413', Col5=Shivani Sinha, Col4=Ms., Col3=24.0, Col2=22.0, Col1=Spain, Col8=Low to High, Col7=shivani@gmail.com}]]>
              </value>
            </param>
          </params>
          <reporter-output>
          </reporter-output>
        </test-method> <!-- testOne -->
        <test-method status="PASS" signature="testOne(java.util.Hashtable)[pri:0, instance:com_hackethon_test.InsuranceTest@710726a3]" name="testOne" duration-ms="65958" started-at="2020-10-26T14:58:33Z" data-provider="getTestOneData" finished-at="2020-10-26T14:59:39Z">
          <params>
            <param index="0">
              <value>
                <![CDATA[{Col6=9513572580', Col5=Shagun Verma, Col4=Ms., Col3=25.0, Col2=23.0, Col1=Poland, Col8=Default, Col7=shagun@gmail.com}]]>
              </value>
            </param>
          </params>
          <reporter-output>
          </reporter-output>
        </test-method> <!-- testOne -->
        <test-method status="PASS" signature="testOne(java.util.Hashtable)[pri:0, instance:com_hackethon_test.InsuranceTest@710726a3]" name="testOne" duration-ms="62158" started-at="2020-10-26T14:59:39Z" data-provider="getTestOneData" finished-at="2020-10-26T15:00:41Z">
          <params>
            <param index="0">
              <value>
                <![CDATA[{Col6=7894523610', Col5=Ankita Mishra, Col4=Ms., Col3=23.0, Col2=21.0, Col1=Ukraine, Col8=Default, Col7=ankita@gmail.com}]]>
              </value>
            </param>
          </params>
          <reporter-output>
          </reporter-output>
        </test-method> <!-- testOne -->
        <test-method status="PASS" signature="testOne(java.util.Hashtable)[pri:0, instance:com_hackethon_test.InsuranceTest@710726a3]" name="testOne" duration-ms="68196" started-at="2020-10-26T15:00:41Z" data-provider="getTestOneData" finished-at="2020-10-26T15:01:50Z">
          <params>
            <param index="0">
              <value>
                <![CDATA[{Col6=7458963254', Col5=Rohan, Col4=Mr., Col3=20.0, Col2=25.0, Col1=Romania, Col8=High to Low, Col7=rohan@gmail.com}]]>
              </value>
            </param>
          </params>
          <reporter-output>
          </reporter-output>
        </test-method> <!-- testOne -->
        <test-method status="PASS" signature="testOne(java.util.Hashtable)[pri:0, instance:com_hackethon_test.InsuranceTest@710726a3]" name="testOne" duration-ms="66797" started-at="2020-10-26T15:01:50Z" data-provider="getTestOneData" finished-at="2020-10-26T15:02:56Z">
          <params>
            <param index="0">
              <value>
                <![CDATA[{Col6=9856478523', Col5=Deva, Col4=Mr., Col3=23.0, Col2=24.0, Col1=Denmark, Col8=High to Low, Col7=deva@gmail.com}]]>
              </value>
            </param>
          </params>
          <reporter-output>
          </reporter-output>
        </test-method> <!-- testOne -->
        <test-method status="PASS" signature="testOne(java.util.Hashtable)[pri:0, instance:com_hackethon_test.InsuranceTest@710726a3]" name="testOne" duration-ms="58908" started-at="2020-10-26T15:02:56Z" data-provider="getTestOneData" finished-at="2020-10-26T15:03:55Z">
          <params>
            <param index="0">
              <value>
                <![CDATA[{Col6=7854693217', Col5=Sudarshan, Col4=Mr., Col3=24.0, Col2=22.0, Col1=Finland, Col8=High to Low, Col7=sudharshan@gmail.com}]]>
              </value>
            </param>
          </params>
          <reporter-output>
          </reporter-output>
        </test-method> <!-- testOne -->
        <test-method status="PASS" signature="testOne(java.util.Hashtable)[pri:0, instance:com_hackethon_test.InsuranceTest@710726a3]" name="testOne" duration-ms="66302" started-at="2020-10-26T15:03:55Z" data-provider="getTestOneData" finished-at="2020-10-26T15:05:02Z">
          <params>
            <param index="0">
              <value>
                <![CDATA[{Col6=8569742365', Col5=Arnab Mistry, Col4=Mr., Col3=26.0, Col2=23.0, Col1=Norway, Col8=Default, Col7=arnab@gmail.com}]]>
              </value>
            </param>
          </params>
          <reporter-output>
          </reporter-output>
        </test-method> <!-- testOne -->
      </class> <!-- com_hackethon_test.InsuranceTest -->
      <class name="com_hackethon_test.HealthInsuranceTest">
        <test-method status="PASS" signature="testThree()[pri:3, instance:com_hackethon_test.HealthInsuranceTest@646007f4]" name="testThree" duration-ms="25513" started-at="2020-10-26T15:15:05Z" finished-at="2020-10-26T15:15:31Z">
          <reporter-output>
          </reporter-output>
        </test-method> <!-- testThree -->
      </class> <!-- com_hackethon_test.HealthInsuranceTest -->
    </test> <!-- Test Basics 1 -->
  </suite> <!-- Grid Suite -->
</testng-results>
