<?xml version="1.0" encoding="UTF-8"?>
<!-- Generated by org.testng.reporters.JUnitXMLReporter -->
<testsuite hostname="DESKTOP-506AGEU" ignored="0" name="Test no. 1" tests="11" failures="0" timestamp="26 Oct 2020 08:56:40 GMT" time="491.227" errors="0">
  <testcase name="testOne" time="49.524" classname="com_hackethon_test.InsuranceTest"/>
  <testcase name="testOne" time="42.696" classname="com_hackethon_test.InsuranceTest"/>
  <testcase name="testOne" time="45.39" classname="com_hackethon_test.InsuranceTest"/>
  <testcase name="testOne" time="43.646" classname="com_hackethon_test.InsuranceTest"/>
  <testcase name="testOne" time="42.862" classname="com_hackethon_test.InsuranceTest"/>
  <testcase name="testOne" time="45.038" classname="com_hackethon_test.InsuranceTest"/>
  <testcase name="testOne" time="41.908" classname="com_hackethon_test.InsuranceTest"/>
  <testcase name="testOne" time="43.066" classname="com_hackethon_test.InsuranceTest"/>
  <testcase name="testOne" time="44.089" classname="com_hackethon_test.InsuranceTest"/>
  <testcase name="testOne" time="45.513" classname="com_hackethon_test.InsuranceTest"/>
  <testcase name="testOne" time="44.43" classname="com_hackethon_test.InsuranceTest"/>
</testsuite> <!-- Test no. 1 -->
